Using pre-set license
Built from '2020.3/staging' branch; Version is '2020.3.0f1 (c7b5465681fb) revision 13088070'; Using compiler version '192528614'; Build Type 'Release'
OS: 'Windows 10 Home; OS build 18363.1440; Version 1909; 64bit' Language: 'en' Physical Memory: 16219 MB
BatchMode: 1, IsHumanControllingUs: 0, StartBugReporterOnCrash: 0, Is64bit: 1, IsPro: 0

 COMMAND LINE ARGUMENTS:
C:\Program Files\Unity\Hub\Editor\2020.3.0f1\Editor\Unity.exe
-adb2
-batchMode
-noUpm
-name
AssetImportWorker0
-projectPath
C:/Users/sidha/Documents/F20GPCOURSEWORK2/F20GPCoursework2
-logFile
Logs/AssetImportWorker0.log
-srvPort
60769
Successfully changed project path to: C:/Users/sidha/Documents/F20GPCOURSEWORK2/F20GPCoursework2
C:/Users/sidha/Documents/F20GPCOURSEWORK2/F20GPCoursework2
Using Asset Import Pipeline V2.
Refreshing native plugins compatible for Editor in 40.27 ms, found 1 plugins.
Preloading 0 native plugins for Editor in 0.00 ms.
Initialize engine version: 2020.3.0f1 (c7b5465681fb)
[Subsystems] Discovering subsystems at path C:/Program Files/Unity/Hub/Editor/2020.3.0f1/Editor/Data/Resources/UnitySubsystems
[Subsystems] Discovering subsystems at path C:/Users/sidha/Documents/F20GPCOURSEWORK2/F20GPCoursework2/Assets
GfxDevice: creating device client; threaded=0
Direct3D:
    Version:  Direct3D 11.0 [level 11.1]
    Renderer: NVIDIA GeForce RTX 2060 (ID=0x1f15)
    Vendor:   
    VRAM:     5980 MB
    Driver:   27.21.14.6140
Initialize mono
Mono path[0] = 'C:/Program Files/Unity/Hub/Editor/2020.3.0f1/Editor/Data/Managed'
Mono path[1] = 'C:/Program Files/Unity/Hub/Editor/2020.3.0f1/Editor/Data/MonoBleedingEdge/lib/mono/unityjit'
Mono config path = 'C:/Program Files/Unity/Hub/Editor/2020.3.0f1/Editor/Data/MonoBleedingEdge/etc'
Using monoOptions --debugger-agent=transport=dt_socket,embedding=1,server=y,suspend=n,address=127.0.0.1:56452
Begin MonoManager ReloadAssembly
Registering precompiled unity dll's ...
Register platform support module: C:/Program Files/Unity/Hub/Editor/2020.3.0f1/Editor/Data/PlaybackEngines/WindowsStandaloneSupport/UnityEditor.WindowsStandalone.Extensions.dll
Registered in 0.001743 seconds.
Native extension for WindowsStandalone target not found
Refreshing native plugins compatible for Editor in 38.04 ms, found 1 plugins.
Preloading 0 native plugins for Editor in 0.00 ms.
Invoked RoslynAnalysisRunner static constructor.
RoslynAnalysisRunner will not be running.
RoslynAnalysisRunner has terminated.
Mono: successfully reloaded assembly
- Completed reload, in  0.958 seconds
Platform modules already initialized, skipping
Registering precompiled user dll's ...
Registered in 0.001139 seconds.
Begin MonoManager ReloadAssembly
Native extension for WindowsStandalone target not found
Refreshing native plugins compatible for Editor in 36.75 ms, found 1 plugins.
Preloading 0 native plugins for Editor in 0.00 ms.
Invoked RoslynAnalysisRunner static constructor.
RoslynAnalysisRunner will not be running.
RoslynAnalysisRunner has terminated.
Mono: successfully reloaded assembly
- Completed reload, in  0.929 seconds
Platform modules already initialized, skipping
========================================================================
Worker process is ready to serve import requests
Launched and connected shader compiler UnityShaderCompiler.exe after 0.05 seconds
Refreshing native plugins compatible for Editor in 0.46 ms, found 1 plugins.
Preloading 0 native plugins for Editor in 0.00 ms.
Unloading 1806 Unused Serialized files (Serialized files now loaded: 0)
System memory in use before: 84.5 MB.
System memory in use after: 84.5 MB.

Unloading 24 unused Assets to reduce memory usage. Loaded Objects now: 2248.
Total: 1.675800 ms (FindLiveObjects: 0.167800 ms CreateObjectMapping: 0.080500 ms MarkObjects: 1.322300 ms  DeleteObjects: 0.104600 ms)

========================================================================
Received Import Request.
  path: Assets
  artifactKey: Guid(00000000000000001000000000000000) Importer(815301076,1909f56bfc062723c751e8b465ee728b)
Start importing Assets using Guid(00000000000000001000000000000000) Importer(815301076,1909f56bfc062723c751e8b465ee728b)  -> (artifact id: '42baae205c97e3337697759514652acd') in 0.008889 seconds
  Import took 0.011526 seconds .

========================================================================
Received Import Request.
  Time since last request: 13.670386 seconds.
  path: Assets/freescifiplatform
  artifactKey: Guid(e53593cc9af2f014691282bb140a726e) Importer(815301076,1909f56bfc062723c751e8b465ee728b)
Start importing Assets/freescifiplatform using Guid(e53593cc9af2f014691282bb140a726e) Importer(815301076,1909f56bfc062723c751e8b465ee728b)  -> (artifact id: 'aa9953f84fd4dd1396ef587405858051') in 0.010796 seconds
  Import took 0.014556 seconds .

========================================================================
Received Import Request.
  Time since last request: 1.381314 seconds.
  path: Assets/freescifiplatform/png
  artifactKey: Guid(7f1d04e40f223fc4bae3f84228ad7f22) Importer(815301076,1909f56bfc062723c751e8b465ee728b)
Start importing Assets/freescifiplatform/png using Guid(7f1d04e40f223fc4bae3f84228ad7f22) Importer(815301076,1909f56bfc062723c751e8b465ee728b)  -> (artifact id: 'a4de0331f02c71e2605ad92607f1dde9') in 0.011555 seconds
  Import took 0.014706 seconds .

========================================================================
Received Import Request.
  Time since last request: 0.990301 seconds.
  path: Assets/freescifiplatform/png/Tiles
  artifactKey: Guid(e69efc0ce1b73534dbd2ae638f740b37) Importer(815301076,1909f56bfc062723c751e8b465ee728b)
Start importing Assets/freescifiplatform/png/Tiles using Guid(e69efc0ce1b73534dbd2ae638f740b37) Importer(815301076,1909f56bfc062723c751e8b465ee728b)  -> (artifact id: '31318f6a2791686d3d5e4f7e4ab79266') in 0.009591 seconds
  Import took 0.013341 seconds .

========================================================================
Received Import Request.
  Time since last request: 0.126217 seconds.
  path: Assets/freescifiplatform/png/Tiles/Acid (1).png
  artifactKey: Guid(92496deee48c6e648b13bf28ef173e43) Importer(815301076,1909f56bfc062723c751e8b465ee728b)
Start importing Assets/freescifiplatform/png/Tiles/Acid (1).png using Guid(92496deee48c6e648b13bf28ef173e43) Importer(815301076,1909f56bfc062723c751e8b465ee728b)  -> (artifact id: '73c29c4f3db6aeb00ef267ca223a4fc4') in 0.137226 seconds
  Import took 0.140699 seconds .

========================================================================
Received Import Request.
  Time since last request: 0.000295 seconds.
  path: Assets/freescifiplatform/png/Tiles/Tile (1).png
  artifactKey: Guid(6c3dc3ca94d465643b07ecf7fa59008d) Importer(815301076,1909f56bfc062723c751e8b465ee728b)
Start importing Assets/freescifiplatform/png/Tiles/Tile (1).png using Guid(6c3dc3ca94d465643b07ecf7fa59008d) Importer(815301076,1909f56bfc062723c751e8b465ee728b)  -> (artifact id: '10513f7a397de6e3ecf7ffabcf98aadb') in 0.025421 seconds
  Import took 0.028434 seconds .

========================================================================
Received Import Request.
  Time since last request: 0.000261 seconds.
  path: Assets/freescifiplatform/png/Tiles/Tile (4).png
  artifactKey: Guid(9ad77a320f5c5b04eb2c71f90cca00cc) Importer(815301076,1909f56bfc062723c751e8b465ee728b)
Start importing Assets/freescifiplatform/png/Tiles/Tile (4).png using Guid(9ad77a320f5c5b04eb2c71f90cca00cc) Importer(815301076,1909f56bfc062723c751e8b465ee728b)  -> (artifact id: '99181c5f5771bf4d66b0dff161bd3809') in 0.027063 seconds
  Import took 0.030498 seconds .

========================================================================
Received Import Request.
  Time since last request: 0.000330 seconds.
  path: Assets/freescifiplatform/png/Tiles/BGTile (6).png
  artifactKey: Guid(a76b456eaa9a714459a8b97d6e2ab6ef) Importer(815301076,1909f56bfc062723c751e8b465ee728b)
Start importing Assets/freescifiplatform/png/Tiles/BGTile (6).png using Guid(a76b456eaa9a714459a8b97d6e2ab6ef) Importer(815301076,1909f56bfc062723c751e8b465ee728b)  -> (artifact id: 'b89ec8b7e573ee92f2d883e53f1625bf') in 0.024941 seconds
  Import took 0.027955 seconds .

========================================================================
Received Import Request.
  Time since last request: 0.000450 seconds.
  path: Assets/freescifiplatform/png/Tiles/Tile (2).png
  artifactKey: Guid(cf628ecf6daf0f5449b83d094db91114) Importer(815301076,1909f56bfc062723c751e8b465ee728b)
Start importing Assets/freescifiplatform/png/Tiles/Tile (2).png using Guid(cf628ecf6daf0f5449b83d094db91114) Importer(815301076,1909f56bfc062723c751e8b465ee728b)  -> (artifact id: '4ebda3688b7524666bb71935a2a5a9a9') in 0.026979 seconds
  Import took 0.030269 seconds .

========================================================================
Received Import Request.
  Time since last request: 0.000394 seconds.
  path: Assets/freescifiplatform/png/Tiles/Fence (1).png
  artifactKey: Guid(d9c94a8c3b131294497df13361608030) Importer(815301076,1909f56bfc062723c751e8b465ee728b)
Start importing Assets/freescifiplatform/png/Tiles/Fence (1).png using Guid(d9c94a8c3b131294497df13361608030) Importer(815301076,1909f56bfc062723c751e8b465ee728b)  -> (artifact id: 'a82668e11125d316c11e5d33423c9f6d') in 0.027386 seconds
  Import took 0.030750 seconds .

========================================================================
Received Import Request.
  Time since last request: 0.000233 seconds.
  path: Assets/freescifiplatform/png/Tiles/Tile (14).png
  artifactKey: Guid(ace00420457b54d4296485abebc26cf6) Importer(815301076,1909f56bfc062723c751e8b465ee728b)
Start importing Assets/freescifiplatform/png/Tiles/Tile (14).png using Guid(ace00420457b54d4296485abebc26cf6) Importer(815301076,1909f56bfc062723c751e8b465ee728b)  -> (artifact id: '2557472d8e44cc5b0035705510807ae9') in 0.022566 seconds
  Import took 0.027821 seconds .

========================================================================
Received Import Request.
  Time since last request: 0.000764 seconds.
  path: Assets/freescifiplatform/png/Tiles/Tile (7).png
  artifactKey: Guid(b2e137ae6023434469a6888627660233) Importer(815301076,1909f56bfc062723c751e8b465ee728b)
Start importing Assets/freescifiplatform/png/Tiles/Tile (7).png using Guid(b2e137ae6023434469a6888627660233) Importer(815301076,1909f56bfc062723c751e8b465ee728b)  -> (artifact id: '2dcb82b8f00d18a839c76c5477f8a142') in 0.030819 seconds
  Import took 0.034641 seconds .

========================================================================
Received Import Request.
  Time since last request: 0.000284 seconds.
  path: Assets/freescifiplatform/png/Tiles/Tile (8).png
  artifactKey: Guid(296106a21f513af41939c8602c938e3d) Importer(815301076,1909f56bfc062723c751e8b465ee728b)
Start importing Assets/freescifiplatform/png/Tiles/Tile (8).png using Guid(296106a21f513af41939c8602c938e3d) Importer(815301076,1909f56bfc062723c751e8b465ee728b)  -> (artifact id: '95a2b1118b7a866cdd48e9e734e89297') in 0.025354 seconds
  Import took 0.029376 seconds .

========================================================================
Received Import Request.
  Time since last request: 0.000340 seconds.
  path: Assets/freescifiplatform/png/Tiles/Tile (9).png
  artifactKey: Guid(e28519bcffe08274995d5055f73a9480) Importer(815301076,1909f56bfc062723c751e8b465ee728b)
Start importing Assets/freescifiplatform/png/Tiles/Tile (9).png using Guid(e28519bcffe08274995d5055f73a9480) Importer(815301076,1909f56bfc062723c751e8b465ee728b)  -> (artifact id: '32b1ad9d12f8aca94fcdb7c3f3264e2f') in 0.025699 seconds
  Import took 0.029948 seconds .

========================================================================
Received Import Request.
  Time since last request: 0.000355 seconds.
  path: Assets/freescifiplatform/png/Tiles/Tile (13).png
  artifactKey: Guid(b12a924b01708a142948a364bb562406) Importer(815301076,1909f56bfc062723c751e8b465ee728b)
Start importing Assets/freescifiplatform/png/Tiles/Tile (13).png using Guid(b12a924b01708a142948a364bb562406) Importer(815301076,1909f56bfc062723c751e8b465ee728b)  -> (artifact id: 'c3ef2a93a04e0bbb7ac26d302e05ff75') in 0.024624 seconds
  Import took 0.028040 seconds .

========================================================================
Received Import Request.
  Time since last request: 0.000286 seconds.
  path: Assets/freescifiplatform/png/Tiles/Fence (3).png
  artifactKey: Guid(2d00a94162e49ac4fba64cf3c4c5a101) Importer(815301076,1909f56bfc062723c751e8b465ee728b)
Start importing Assets/freescifiplatform/png/Tiles/Fence (3).png using Guid(2d00a94162e49ac4fba64cf3c4c5a101) Importer(815301076,1909f56bfc062723c751e8b465ee728b)  -> (artifact id: '3efc51d5988c9d0169632b8982904bc1') in 0.026792 seconds
  Import took 0.030372 seconds .

========================================================================
Received Import Request.
  Time since last request: 0.000307 seconds.
  path: Assets/freescifiplatform/png/Tiles/Tile (5).png
  artifactKey: Guid(634170e85f9e3cf48b54805aaec7b08b) Importer(815301076,1909f56bfc062723c751e8b465ee728b)
Start importing Assets/freescifiplatform/png/Tiles/Tile (5).png using Guid(634170e85f9e3cf48b54805aaec7b08b) Importer(815301076,1909f56bfc062723c751e8b465ee728b)  -> (artifact id: '8f69fc3795cec3a35716fb7b9c095251') in 0.026135 seconds
  Import took 0.030057 seconds .

========================================================================
Received Import Request.
  Time since last request: 0.000258 seconds.
  path: Assets/freescifiplatform/png/Tiles/BGTile (7).png
  artifactKey: Guid(d035f2caf6b886047ae979a6a067a5fe) Importer(815301076,1909f56bfc062723c751e8b465ee728b)
Start importing Assets/freescifiplatform/png/Tiles/BGTile (7).png using Guid(d035f2caf6b886047ae979a6a067a5fe) Importer(815301076,1909f56bfc062723c751e8b465ee728b)  -> (artifact id: '0f7a4c59b72b2a4137c6b0b591a48056') in 0.025969 seconds
  Import took 0.029628 seconds .

========================================================================
Received Import Request.
  Time since last request: 0.000396 seconds.
  path: Assets/freescifiplatform/png/Tiles/BGTile (1).png
  artifactKey: Guid(f22060cc790e1624988591c8050f0e85) Importer(815301076,1909f56bfc062723c751e8b465ee728b)
Start importing Assets/freescifiplatform/png/Tiles/BGTile (1).png using Guid(f22060cc790e1624988591c8050f0e85) Importer(815301076,1909f56bfc062723c751e8b465ee728b)  -> (artifact id: '01bcd6ae180f52907c8f14e8dd11301f') in 0.022747 seconds
  Import took 0.026295 seconds .

========================================================================
Received Import Request.
  Time since last request: 0.000292 seconds.
  path: Assets/freescifiplatform/png/Tiles/BGTile (4).png
  artifactKey: Guid(8bd50c86f4a4a3e4483c765aeef3ec07) Importer(815301076,1909f56bfc062723c751e8b465ee728b)
Start importing Assets/freescifiplatform/png/Tiles/BGTile (4).png using Guid(8bd50c86f4a4a3e4483c765aeef3ec07) Importer(815301076,1909f56bfc062723c751e8b465ee728b)  -> (artifact id: '9217eb4f29f63c22fd29d5f05bd23ce0') in 0.025948 seconds
  Import took 0.029181 seconds .

========================================================================
Received Import Request.
  Time since last request: 0.000219 seconds.
  path: Assets/freescifiplatform/png/Tiles/BGTile (5).png
  artifactKey: Guid(163d255b620b21947b142fe98eda8339) Importer(815301076,1909f56bfc062723c751e8b465ee728b)
Start importing Assets/freescifiplatform/png/Tiles/BGTile (5).png using Guid(163d255b620b21947b142fe98eda8339) Importer(815301076,1909f56bfc062723c751e8b465ee728b)  -> (artifact id: '1e8b87fc711bf9650de9cf4b10d68a2e') in 0.024685 seconds
  Import took 0.027599 seconds .

========================================================================
Received Import Request.
  Time since last request: 0.000183 seconds.
  path: Assets/freescifiplatform/png/Tiles/BGTile (3).png
  artifactKey: Guid(5f2784ba9f60c3b4cb177412afbf4aa8) Importer(815301076,1909f56bfc062723c751e8b465ee728b)
Start importing Assets/freescifiplatform/png/Tiles/BGTile (3).png using Guid(5f2784ba9f60c3b4cb177412afbf4aa8) Importer(815301076,1909f56bfc062723c751e8b465ee728b)  -> (artifact id: 'a6a552b35ebf36e0e771a8da08cbf832') in 0.024737 seconds
  Import took 0.027842 seconds .

========================================================================
Received Import Request.
  Time since last request: 0.000262 seconds.
  path: Assets/freescifiplatform/png/Tiles/Fence (2).png
  artifactKey: Guid(98f576c26df342d48bca886a161ccba9) Importer(815301076,1909f56bfc062723c751e8b465ee728b)
Start importing Assets/freescifiplatform/png/Tiles/Fence (2).png using Guid(98f576c26df342d48bca886a161ccba9) Importer(815301076,1909f56bfc062723c751e8b465ee728b)  -> (artifact id: '8afe04ab8bff99c54a8500fc7466739b') in 0.033024 seconds
  Import took 0.036687 seconds .

========================================================================
Received Import Request.
  Time since last request: 0.000270 seconds.
  path: Assets/freescifiplatform/png/Tiles/Acid (2).png
  artifactKey: Guid(7afb8e6d1de6e8a4e84ebdd8aeff0b9d) Importer(815301076,1909f56bfc062723c751e8b465ee728b)
Start importing Assets/freescifiplatform/png/Tiles/Acid (2).png using Guid(7afb8e6d1de6e8a4e84ebdd8aeff0b9d) Importer(815301076,1909f56bfc062723c751e8b465ee728b)  -> (artifact id: '2f1881600e3c880d05fab0d8dde78e49') in 0.023532 seconds
  Import took 0.026596 seconds .

========================================================================
Received Import Request.
  Time since last request: 0.000379 seconds.
  path: Assets/freescifiplatform/png/Tiles/Tile (6).png
  artifactKey: Guid(f27afc75d1b5d934693f2bab5874dde2) Importer(815301076,1909f56bfc062723c751e8b465ee728b)
Start importing Assets/freescifiplatform/png/Tiles/Tile (6).png using Guid(f27afc75d1b5d934693f2bab5874dde2) Importer(815301076,1909f56bfc062723c751e8b465ee728b)  -> (artifact id: '2db88852fd81d236e689a3bc843d68b7') in 0.027346 seconds
  Import took 0.031124 seconds .

========================================================================
Received Import Request.
  Time since last request: 0.000276 seconds.
  path: Assets/freescifiplatform/png/Tiles/Spike.png
  artifactKey: Guid(63963a809031f61409c3e0629b0d8ad4) Importer(815301076,1909f56bfc062723c751e8b465ee728b)
Start importing Assets/freescifiplatform/png/Tiles/Spike.png using Guid(63963a809031f61409c3e0629b0d8ad4) Importer(815301076,1909f56bfc062723c751e8b465ee728b)  -> (artifact id: '143da77b92485c857dd892a0ddf54d3c') in 0.027336 seconds
  Import took 0.030655 seconds .

========================================================================
Received Import Request.
  Time since last request: 0.000301 seconds.
  path: Assets/freescifiplatform/png/Tiles/Tile (15).png
  artifactKey: Guid(61f6e36556e764d4bab2dd02cad02f24) Importer(815301076,1909f56bfc062723c751e8b465ee728b)
Start importing Assets/freescifiplatform/png/Tiles/Tile (15).png using Guid(61f6e36556e764d4bab2dd02cad02f24) Importer(815301076,1909f56bfc062723c751e8b465ee728b)  -> (artifact id: '943e76995c45342fb39086cf7e01116f') in 0.027629 seconds
  Import took 0.030665 seconds .

========================================================================
Received Import Request.
  Time since last request: 0.000250 seconds.
  path: Assets/freescifiplatform/png/Tiles/Tile (3).png
  artifactKey: Guid(83cb6d8532743ec4bbaf481d4c203e7f) Importer(815301076,1909f56bfc062723c751e8b465ee728b)
Start importing Assets/freescifiplatform/png/Tiles/Tile (3).png using Guid(83cb6d8532743ec4bbaf481d4c203e7f) Importer(815301076,1909f56bfc062723c751e8b465ee728b)  -> (artifact id: '92008703efdbc9741a0f48b392e3bb02') in 0.027436 seconds
  Import took 0.031113 seconds .

========================================================================
Received Import Request.
  Time since last request: 0.000303 seconds.
  path: Assets/freescifiplatform/png/Tiles/Tile (10).png
  artifactKey: Guid(65edcf3d12e6c6d4b9883db1ffef9172) Importer(815301076,1909f56bfc062723c751e8b465ee728b)
Start importing Assets/freescifiplatform/png/Tiles/Tile (10).png using Guid(65edcf3d12e6c6d4b9883db1ffef9172) Importer(815301076,1909f56bfc062723c751e8b465ee728b)  -> (artifact id: '048f1167bf2832827249ec67bb1900df') in 0.032546 seconds
  Import took 0.036170 seconds .

========================================================================
Received Import Request.
  Time since last request: 0.000262 seconds.
  path: Assets/freescifiplatform/png/Tiles/Tile (12).png
  artifactKey: Guid(e0308fa9a49cf874d996a01dc0b4de9f) Importer(815301076,1909f56bfc062723c751e8b465ee728b)
Start importing Assets/freescifiplatform/png/Tiles/Tile (12).png using Guid(e0308fa9a49cf874d996a01dc0b4de9f) Importer(815301076,1909f56bfc062723c751e8b465ee728b)  -> (artifact id: '6f006259209b514a28cc7934bae34ea8') in 0.027412 seconds
  Import took 0.030489 seconds .

========================================================================
Received Import Request.
  Time since last request: 0.000266 seconds.
  path: Assets/freescifiplatform/png/Tiles/Tile (10).png
  artifactKey: Guid(65edcf3d12e6c6d4b9883db1ffef9172) Importer(815301076,1909f56bfc062723c751e8b465ee728b)
Start importing Assets/freescifiplatform/png/Tiles/Tile (10).png using Guid(65edcf3d12e6c6d4b9883db1ffef9172) Importer(815301076,1909f56bfc062723c751e8b465ee728b)  -> (artifact id: '048f1167bf2832827249ec67bb1900df') in 0.024372 seconds
  Import took 0.027641 seconds .

========================================================================
Received Import Request.
  Time since last request: 0.000419 seconds.
  path: Assets/freescifiplatform/png/Tiles/Tile (11).png
  artifactKey: Guid(36ee5aa8944091e449e3a81dc55b9b3c) Importer(815301076,1909f56bfc062723c751e8b465ee728b)
Start importing Assets/freescifiplatform/png/Tiles/Tile (11).png using Guid(36ee5aa8944091e449e3a81dc55b9b3c) Importer(815301076,1909f56bfc062723c751e8b465ee728b)  -> (artifact id: '389a1a3c86c9680235f4259e4db90b30') in 0.023558 seconds
  Import took 0.026768 seconds .

========================================================================
Received Import Request.
  Time since last request: 0.000178 seconds.
  path: Assets/freescifiplatform/png/Tiles/BGTile (2).png
  artifactKey: Guid(858a8c043feb8244e8bf67cc55c6ba51) Importer(815301076,1909f56bfc062723c751e8b465ee728b)
Start importing Assets/freescifiplatform/png/Tiles/BGTile (2).png using Guid(858a8c043feb8244e8bf67cc55c6ba51) Importer(815301076,1909f56bfc062723c751e8b465ee728b)  -> (artifact id: '75dfdad793b2dae47602e3a9247c4bba') in 0.024738 seconds
  Import took 0.028375 seconds .

========================================================================
Received Import Request.
  Time since last request: 0.001063 seconds.
  path: Assets/freescifiplatform/png/Tiles/BGTile (2).png
  artifactKey: Guid(858a8c043feb8244e8bf67cc55c6ba51) Importer(815301076,1909f56bfc062723c751e8b465ee728b)
Start importing Assets/freescifiplatform/png/Tiles/BGTile (2).png using Guid(858a8c043feb8244e8bf67cc55c6ba51) Importer(815301076,1909f56bfc062723c751e8b465ee728b)  -> (artifact id: '75dfdad793b2dae47602e3a9247c4bba') in 0.015339 seconds
  Import took 0.020476 seconds .

========================================================================
Received Import Request.
  Time since last request: 78.908748 seconds.
  path: Assets/Palettes
  artifactKey: Guid(5822929fcf0e19c4994a1215a9bedb64) Importer(815301076,1909f56bfc062723c751e8b465ee728b)
Start importing Assets/Palettes using Guid(5822929fcf0e19c4994a1215a9bedb64) Importer(815301076,1909f56bfc062723c751e8b465ee728b)  -> (artifact id: '57881285dd47e3f98514b4189d9bb891') in 0.012965 seconds
  Import took 0.016593 seconds .

========================================================================
Received Import Request.
  Time since last request: 0.081508 seconds.
  path: Assets/Palettes/BackGround.prefab
  artifactKey: Guid(ae907509138e59949adae15a43209c2a) Importer(815301076,1909f56bfc062723c751e8b465ee728b)
Start importing Assets/Palettes/BackGround.prefab using Guid(ae907509138e59949adae15a43209c2a) Importer(815301076,1909f56bfc062723c751e8b465ee728b)  -> (artifact id: 'c9b8033310d334af1ff212aecd9d79b0') in 0.015779 seconds
  Import took 0.018810 seconds .

========================================================================
Received Import Request.
  Time since last request: 3.792624 seconds.
  path: Assets/Tiles
  artifactKey: Guid(80bc66e281ea6bc4799b4690b6f3e395) Importer(815301076,1909f56bfc062723c751e8b465ee728b)
Start importing Assets/Tiles using Guid(80bc66e281ea6bc4799b4690b6f3e395) Importer(815301076,1909f56bfc062723c751e8b465ee728b)  -> (artifact id: '6ec9902f67cb03108515e2e1b266a584') in 0.004208 seconds
  Import took 0.008312 seconds .

========================================================================
Received Import Request.
  Time since last request: 0.069637 seconds.
  path: Assets/Tiles/Acid (1).asset
  artifactKey: Guid(fc0a5087b3f4fb64982768e4002104b6) Importer(815301076,1909f56bfc062723c751e8b465ee728b)
Start importing Assets/Tiles/Acid (1).asset using Guid(fc0a5087b3f4fb64982768e4002104b6) Importer(815301076,1909f56bfc062723c751e8b465ee728b)  -> (artifact id: 'fb75aad3c01d6ceb24125e4d1959f3fd') in 0.054286 seconds
  Import took 0.057045 seconds .

========================================================================
Received Import Request.
  Time since last request: 0.000185 seconds.
  path: Assets/Tiles/BGTile (1).asset
  artifactKey: Guid(bf0181bd2212cc446bf1b787feada72b) Importer(815301076,1909f56bfc062723c751e8b465ee728b)
Start importing Assets/Tiles/BGTile (1).asset using Guid(bf0181bd2212cc446bf1b787feada72b) Importer(815301076,1909f56bfc062723c751e8b465ee728b)  -> (artifact id: '9fad1253ffbbb06a1cf95115c932c30a') in 0.014479 seconds
  Import took 0.017128 seconds .

========================================================================
Received Import Request.
  Time since last request: 0.000288 seconds.
  path: Assets/Tiles/BGTile (3).asset
  artifactKey: Guid(55308a3e20472e84bbd9cfdad2eda032) Importer(815301076,1909f56bfc062723c751e8b465ee728b)
Start importing Assets/Tiles/BGTile (3).asset using Guid(55308a3e20472e84bbd9cfdad2eda032) Importer(815301076,1909f56bfc062723c751e8b465ee728b)  -> (artifact id: 'b2b389c7330fd354ae5e501e2ac5456e') in 0.020866 seconds
  Import took 0.024277 seconds .

========================================================================
Received Import Request.
  Time since last request: 0.000312 seconds.
  path: Assets/Tiles/BGTile (5).asset
  artifactKey: Guid(307d3da2120286742932dc621c09a3ea) Importer(815301076,1909f56bfc062723c751e8b465ee728b)
Start importing Assets/Tiles/BGTile (5).asset using Guid(307d3da2120286742932dc621c09a3ea) Importer(815301076,1909f56bfc062723c751e8b465ee728b)  -> (artifact id: '5e8b2f46ae1d62b104a7ff36e6b54072') in 0.014040 seconds
  Import took 0.018231 seconds .

========================================================================
Received Import Request.
  Time since last request: 0.000478 seconds.
  path: Assets/Tiles/Tile (8).asset
  artifactKey: Guid(eea2d764384876b4f9479673920dce0f) Importer(815301076,1909f56bfc062723c751e8b465ee728b)
Start importing Assets/Tiles/Tile (8).asset using Guid(eea2d764384876b4f9479673920dce0f) Importer(815301076,1909f56bfc062723c751e8b465ee728b)  -> (artifact id: '60e63cda508e8215c6c8e56d01c98107') in 0.016335 seconds
  Import took 0.020307 seconds .

========================================================================
Received Import Request.
  Time since last request: 0.000447 seconds.
  path: Assets/Tiles/Spike.asset
  artifactKey: Guid(a6be8dcb41ec04e4f9d868ba3f7fdc67) Importer(815301076,1909f56bfc062723c751e8b465ee728b)
Start importing Assets/Tiles/Spike.asset using Guid(a6be8dcb41ec04e4f9d868ba3f7fdc67) Importer(815301076,1909f56bfc062723c751e8b465ee728b)  -> (artifact id: '95942a54b5f3ce9bf00b2aa3369eaded') in 0.021721 seconds
  Import took 0.025536 seconds .

========================================================================
Received Import Request.
  Time since last request: 0.000531 seconds.
  path: Assets/Tiles/Tile (11).asset
  artifactKey: Guid(62505b850cca5714a8ad4c36c50acea5) Importer(815301076,1909f56bfc062723c751e8b465ee728b)
Start importing Assets/Tiles/Tile (11).asset using Guid(62505b850cca5714a8ad4c36c50acea5) Importer(815301076,1909f56bfc062723c751e8b465ee728b)  -> (artifact id: 'ab677383cb1a5e6957b141c82c41b539') in 0.016347 seconds
  Import took 0.019748 seconds .

========================================================================
Received Import Request.
  Time since last request: 0.000259 seconds.
  path: Assets/Tiles/Tile (10).asset
  artifactKey: Guid(d9e304bb2857fe84fa3bee5dcc5ceb9c) Importer(815301076,1909f56bfc062723c751e8b465ee728b)
Start importing Assets/Tiles/Tile (10).asset using Guid(d9e304bb2857fe84fa3bee5dcc5ceb9c) Importer(815301076,1909f56bfc062723c751e8b465ee728b)  -> (artifact id: 'd81289d33608d3f34341f10b6913c697') in 0.021079 seconds
  Import took 0.024176 seconds .

========================================================================
Received Import Request.
  Time since last request: 0.000359 seconds.
  path: Assets/Tiles/BGTile (4).asset
  artifactKey: Guid(d5aa456d642246748b5089ee5ebcfe28) Importer(815301076,1909f56bfc062723c751e8b465ee728b)
Start importing Assets/Tiles/BGTile (4).asset using Guid(d5aa456d642246748b5089ee5ebcfe28) Importer(815301076,1909f56bfc062723c751e8b465ee728b)  -> (artifact id: '20304956ef1cc9d713866a2a548fa164') in 0.019486 seconds
  Import took 0.022208 seconds .

========================================================================
Received Import Request.
  Time since last request: 0.000216 seconds.
  path: Assets/Tiles/Tile (3).asset
  artifactKey: Guid(d99566b1c1348c944a06464d195dc8c7) Importer(815301076,1909f56bfc062723c751e8b465ee728b)
Start importing Assets/Tiles/Tile (3).asset using Guid(d99566b1c1348c944a06464d195dc8c7) Importer(815301076,1909f56bfc062723c751e8b465ee728b)  -> (artifact id: '267f2d7036da2b5bf614abb33301b03b') in 0.019706 seconds
  Import took 0.024443 seconds .

========================================================================
Received Import Request.
  Time since last request: 0.000278 seconds.
  path: Assets/Tiles/Fence (2).asset
  artifactKey: Guid(1b8fb75e1da12044fba7bbce139ce429) Importer(815301076,1909f56bfc062723c751e8b465ee728b)
Start importing Assets/Tiles/Fence (2).asset using Guid(1b8fb75e1da12044fba7bbce139ce429) Importer(815301076,1909f56bfc062723c751e8b465ee728b)  -> (artifact id: '8cfef9844231e66cefd2dbbeeb92e982') in 0.016161 seconds
  Import took 0.019413 seconds .

========================================================================
Received Import Request.
  Time since last request: 0.000213 seconds.
  path: Assets/Tiles/Tile (5).asset
  artifactKey: Guid(a3fbddd5af6046a438f6cfcdacbfa6fd) Importer(815301076,1909f56bfc062723c751e8b465ee728b)
Start importing Assets/Tiles/Tile (5).asset using Guid(a3fbddd5af6046a438f6cfcdacbfa6fd) Importer(815301076,1909f56bfc062723c751e8b465ee728b)  -> (artifact id: '4b1ba2043e82e81376bbed8262a0b32e') in 0.018692 seconds
  Import took 0.022330 seconds .

========================================================================
Received Import Request.
  Time since last request: 0.000328 seconds.
  path: Assets/Tiles/Tile (1).asset
  artifactKey: Guid(1c8545deb8d0d96498783eacc9a1f7fb) Importer(815301076,1909f56bfc062723c751e8b465ee728b)
Start importing Assets/Tiles/Tile (1).asset using Guid(1c8545deb8d0d96498783eacc9a1f7fb) Importer(815301076,1909f56bfc062723c751e8b465ee728b)  -> (artifact id: '165b92de7010c5185e7b0d682b811e57') in 0.019441 seconds
  Import took 0.022638 seconds .

========================================================================
Received Import Request.
  Time since last request: 0.000174 seconds.
  path: Assets/Tiles/Tile (12).asset
  artifactKey: Guid(1718721f9a347684dbd916e1b60611d5) Importer(815301076,1909f56bfc062723c751e8b465ee728b)
Start importing Assets/Tiles/Tile (12).asset using Guid(1718721f9a347684dbd916e1b60611d5) Importer(815301076,1909f56bfc062723c751e8b465ee728b)  -> (artifact id: '4f36406efba127eb4a74988b78907128') in 0.022226 seconds
  Import took 0.024963 seconds .

========================================================================
Received Import Request.
  Time since last request: 0.000215 seconds.
  path: Assets/Tiles/Tile (13).asset
  artifactKey: Guid(cb6e6dd396c3b494d90ff39043dda658) Importer(815301076,1909f56bfc062723c751e8b465ee728b)
Start importing Assets/Tiles/Tile (13).asset using Guid(cb6e6dd396c3b494d90ff39043dda658) Importer(815301076,1909f56bfc062723c751e8b465ee728b)  -> (artifact id: 'b61f07fa49cd901a6571d3a915a4d122') in 0.020571 seconds
  Import took 0.023706 seconds .

========================================================================
Received Import Request.
  Time since last request: 0.000313 seconds.
  path: Assets/Tiles/BGTile (7).asset
  artifactKey: Guid(8e5dcf665a9c9b646a0e0f6638f49143) Importer(815301076,1909f56bfc062723c751e8b465ee728b)
Start importing Assets/Tiles/BGTile (7).asset using Guid(8e5dcf665a9c9b646a0e0f6638f49143) Importer(815301076,1909f56bfc062723c751e8b465ee728b)  -> (artifact id: '72f9e7cbb999a6a2dfe8a7e5d58d9909') in 0.015633 seconds
  Import took 0.018976 seconds .

========================================================================
Received Import Request.
  Time since last request: 0.000284 seconds.
  path: Assets/Tiles/Tile (2).asset
  artifactKey: Guid(44fb1ef39bc57d9459bd9e235083f0e4) Importer(815301076,1909f56bfc062723c751e8b465ee728b)
Start importing Assets/Tiles/Tile (2).asset using Guid(44fb1ef39bc57d9459bd9e235083f0e4) Importer(815301076,1909f56bfc062723c751e8b465ee728b)  -> (artifact id: '2855ed942aaa30ab7e61893b9ba0fc83') in 0.016164 seconds
  Import took 0.019773 seconds .

========================================================================
Received Import Request.
  Time since last request: 0.000267 seconds.
  path: Assets/Tiles/Tile (9).asset
  artifactKey: Guid(bfdb522d9c4ff184486fed47341010c3) Importer(815301076,1909f56bfc062723c751e8b465ee728b)
Start importing Assets/Tiles/Tile (9).asset using Guid(bfdb522d9c4ff184486fed47341010c3) Importer(815301076,1909f56bfc062723c751e8b465ee728b)  -> (artifact id: 'd5212824a2102b935aa3706c0b5f3072') in 0.025594 seconds
  Import took 0.029103 seconds .

========================================================================
Received Import Request.
  Time since last request: 0.000281 seconds.
  path: Assets/Tiles/Acid (2).asset
  artifactKey: Guid(927664b3e26949c4593849b5f9a231cf) Importer(815301076,1909f56bfc062723c751e8b465ee728b)
Start importing Assets/Tiles/Acid (2).asset using Guid(927664b3e26949c4593849b5f9a231cf) Importer(815301076,1909f56bfc062723c751e8b465ee728b)  -> (artifact id: 'e1e4d533ec508ca10fd66199a1c27bed') in 0.016660 seconds
  Import took 0.020818 seconds .

========================================================================
Received Import Request.
  Time since last request: 0.000206 seconds.
  path: Assets/Tiles/Tile (4).asset
  artifactKey: Guid(e78adcf6d3005ae4cb94180fce8ffd68) Importer(815301076,1909f56bfc062723c751e8b465ee728b)
Start importing Assets/Tiles/Tile (4).asset using Guid(e78adcf6d3005ae4cb94180fce8ffd68) Importer(815301076,1909f56bfc062723c751e8b465ee728b)  -> (artifact id: '753104910afc6cf693ba84cc6dc93227') in 0.021372 seconds
  Import took 0.024821 seconds .

========================================================================
Received Import Request.
  Time since last request: 0.000220 seconds.
  path: Assets/Tiles/Tile (14).asset
  artifactKey: Guid(3f857ec7536684540b7158070e696fd1) Importer(815301076,1909f56bfc062723c751e8b465ee728b)
Start importing Assets/Tiles/Tile (14).asset using Guid(3f857ec7536684540b7158070e696fd1) Importer(815301076,1909f56bfc062723c751e8b465ee728b)  -> (artifact id: '82d0d6d4ba0b66b3f0bdac3a94aa14d9') in 0.019541 seconds
  Import took 0.023348 seconds .

========================================================================
Received Import Request.
  Time since last request: 0.000318 seconds.
  path: Assets/Tiles/Fence (1).asset
  artifactKey: Guid(d2c2701d1e4a7c24ea9036ec5fc8a5c4) Importer(815301076,1909f56bfc062723c751e8b465ee728b)
Start importing Assets/Tiles/Fence (1).asset using Guid(d2c2701d1e4a7c24ea9036ec5fc8a5c4) Importer(815301076,1909f56bfc062723c751e8b465ee728b)  -> (artifact id: 'f353eabc21f59ed805aede7a990ad3f3') in 0.016156 seconds
  Import took 0.019562 seconds .

========================================================================
Received Import Request.
  Time since last request: 0.000265 seconds.
  path: Assets/Tiles/Tile (7).asset
  artifactKey: Guid(4fb991a8b917ab84a8c08868e48b37dd) Importer(815301076,1909f56bfc062723c751e8b465ee728b)
Start importing Assets/Tiles/Tile (7).asset using Guid(4fb991a8b917ab84a8c08868e48b37dd) Importer(815301076,1909f56bfc062723c751e8b465ee728b)  -> (artifact id: 'fc1972e3cbc140b532951fd7103d6ea7') in 0.016137 seconds
  Import took 0.020331 seconds .

========================================================================
Received Import Request.
  Time since last request: 0.000361 seconds.
  path: Assets/Tiles/Tile (15).asset
  artifactKey: Guid(5c7ed369a43dd394c92eb48c5687b8b1) Importer(815301076,1909f56bfc062723c751e8b465ee728b)
Start importing Assets/Tiles/Tile (15).asset using Guid(5c7ed369a43dd394c92eb48c5687b8b1) Importer(815301076,1909f56bfc062723c751e8b465ee728b)  -> (artifact id: '3807e1237c6bc14e71c881870e1b5d5d') in 0.021879 seconds
  Import took 0.025394 seconds .

========================================================================
Received Import Request.
  Time since last request: 0.000232 seconds.
  path: Assets/Tiles/BGTile (2).asset
  artifactKey: Guid(e991288f28a76dc4e93fca35e73b3b03) Importer(815301076,1909f56bfc062723c751e8b465ee728b)
Start importing Assets/Tiles/BGTile (2).asset using Guid(e991288f28a76dc4e93fca35e73b3b03) Importer(815301076,1909f56bfc062723c751e8b465ee728b)  -> (artifact id: 'a1bce4cffe3d4168ae6a29ff009b8c11') in 0.016870 seconds
  Import took 0.020167 seconds .

========================================================================
Received Import Request.
  Time since last request: 0.000205 seconds.
  path: Assets/Tiles/Tile (6).asset
  artifactKey: Guid(be50d3c65b2a8a743ab8914f25cd1089) Importer(815301076,1909f56bfc062723c751e8b465ee728b)
Start importing Assets/Tiles/Tile (6).asset using Guid(be50d3c65b2a8a743ab8914f25cd1089) Importer(815301076,1909f56bfc062723c751e8b465ee728b)  -> (artifact id: '9f25fd168b3f53501999365dd7da891e') in 0.016282 seconds
  Import took 0.020248 seconds .

========================================================================
Received Import Request.
  Time since last request: 0.000261 seconds.
  path: Assets/Tiles/Fence (3).asset
  artifactKey: Guid(6fda77d1eba89a340b7c657796282178) Importer(815301076,1909f56bfc062723c751e8b465ee728b)
Start importing Assets/Tiles/Fence (3).asset using Guid(6fda77d1eba89a340b7c657796282178) Importer(815301076,1909f56bfc062723c751e8b465ee728b)  -> (artifact id: 'c100c72063cb704b64bc903e4b55f30c') in 0.017743 seconds
  Import took 0.020980 seconds .

========================================================================
Received Import Request.
  Time since last request: 0.000229 seconds.
  path: Assets/Tiles/BGTile (6).asset
  artifactKey: Guid(731cd873dcadca840a419d3743139e10) Importer(815301076,1909f56bfc062723c751e8b465ee728b)
Start importing Assets/Tiles/BGTile (6).asset using Guid(731cd873dcadca840a419d3743139e10) Importer(815301076,1909f56bfc062723c751e8b465ee728b)  -> (artifact id: '99822c335a6fbaee80849bed0adfac21') in 0.015077 seconds
  Import took 0.018813 seconds .

========================================================================
Received Import Request.
  Time since last request: 4.413648 seconds.
  path: Assets/Scenes
  artifactKey: Guid(5570b14ab0614114aa613da286120b3b) Importer(815301076,1909f56bfc062723c751e8b465ee728b)
Start importing Assets/Scenes using Guid(5570b14ab0614114aa613da286120b3b) Importer(815301076,1909f56bfc062723c751e8b465ee728b)  -> (artifact id: 'ed2c9e7948bdc02d532f07df060f59f2') in 0.009161 seconds
  Import took 0.012643 seconds .

========================================================================
Received Import Request.
  Time since last request: 27.475130 seconds.
  path: Assets/freescifiplatform/vector
  artifactKey: Guid(170031ee5dae39f49ad7a9c5ffe158c4) Importer(815301076,1909f56bfc062723c751e8b465ee728b)
Start importing Assets/freescifiplatform/vector using Guid(170031ee5dae39f49ad7a9c5ffe158c4) Importer(815301076,1909f56bfc062723c751e8b465ee728b)  -> (artifact id: '5a394fe1451449d8f4c7c0bf586c5812') in 0.010299 seconds
  Import took 0.013117 seconds .

========================================================================
Received Import Request.
  Time since last request: 20.178624 seconds.
  path: Assets/freescifiplatform/png/Tiles/Acid (1).png
  artifactKey: Guid(92496deee48c6e648b13bf28ef173e43) Importer(815301076,1909f56bfc062723c751e8b465ee728b)
Start importing Assets/freescifiplatform/png/Tiles/Acid (1).png using Guid(92496deee48c6e648b13bf28ef173e43) Importer(815301076,1909f56bfc062723c751e8b465ee728b)  -> (artifact id: '16c5382a70e674d1f3c0e168f45f6750') in 0.025072 seconds
  Import took 0.028844 seconds .

========================================================================
Received Import Request.
  Time since last request: 0.000567 seconds.
  path: Assets/freescifiplatform/png/Tiles/Tile (1).png
  artifactKey: Guid(6c3dc3ca94d465643b07ecf7fa59008d) Importer(815301076,1909f56bfc062723c751e8b465ee728b)
Start importing Assets/freescifiplatform/png/Tiles/Tile (1).png using Guid(6c3dc3ca94d465643b07ecf7fa59008d) Importer(815301076,1909f56bfc062723c751e8b465ee728b)  -> (artifact id: '74d51f41d3664c39c615bcd717ea74b1') in 0.017130 seconds
  Import took 0.019987 seconds .

========================================================================
Received Import Request.
  Time since last request: 0.000326 seconds.
  path: Assets/freescifiplatform/png/Tiles/Tile (4).png
  artifactKey: Guid(9ad77a320f5c5b04eb2c71f90cca00cc) Importer(815301076,1909f56bfc062723c751e8b465ee728b)
Start importing Assets/freescifiplatform/png/Tiles/Tile (4).png using Guid(9ad77a320f5c5b04eb2c71f90cca00cc) Importer(815301076,1909f56bfc062723c751e8b465ee728b)  -> (artifact id: '3ea62a64c8de5792a1c9aa0c08f9ca26') in 0.019318 seconds
  Import took 0.023319 seconds .

========================================================================
Received Import Request.
  Time since last request: 0.000324 seconds.
  path: Assets/freescifiplatform/png/Tiles/BGTile (6).png
  artifactKey: Guid(a76b456eaa9a714459a8b97d6e2ab6ef) Importer(815301076,1909f56bfc062723c751e8b465ee728b)
Start importing Assets/freescifiplatform/png/Tiles/BGTile (6).png using Guid(a76b456eaa9a714459a8b97d6e2ab6ef) Importer(815301076,1909f56bfc062723c751e8b465ee728b)  -> (artifact id: 'b501bb7d89914ae16ed339a3b186312c') in 0.011699 seconds
  Import took 0.014372 seconds .

========================================================================
Received Import Request.
  Time since last request: 0.000180 seconds.
  path: Assets/freescifiplatform/png/Tiles/Tile (2).png
  artifactKey: Guid(cf628ecf6daf0f5449b83d094db91114) Importer(815301076,1909f56bfc062723c751e8b465ee728b)
Start importing Assets/freescifiplatform/png/Tiles/Tile (2).png using Guid(cf628ecf6daf0f5449b83d094db91114) Importer(815301076,1909f56bfc062723c751e8b465ee728b)  -> (artifact id: '7ad73f17ab9a0964aae49c2024f9a320') in 0.025547 seconds
  Import took 0.028225 seconds .

========================================================================
Received Import Request.
  Time since last request: 0.000195 seconds.
  path: Assets/freescifiplatform/png/Tiles/Fence (1).png
  artifactKey: Guid(d9c94a8c3b131294497df13361608030) Importer(815301076,1909f56bfc062723c751e8b465ee728b)
Start importing Assets/freescifiplatform/png/Tiles/Fence (1).png using Guid(d9c94a8c3b131294497df13361608030) Importer(815301076,1909f56bfc062723c751e8b465ee728b)  -> (artifact id: 'd280ecb091bd676e204dd6d89071f879') in 0.029375 seconds
  Import took 0.032763 seconds .

========================================================================
Received Import Request.
  Time since last request: 0.000230 seconds.
  path: Assets/freescifiplatform/png/Tiles/Tile (14).png
  artifactKey: Guid(ace00420457b54d4296485abebc26cf6) Importer(815301076,1909f56bfc062723c751e8b465ee728b)
Start importing Assets/freescifiplatform/png/Tiles/Tile (14).png using Guid(ace00420457b54d4296485abebc26cf6) Importer(815301076,1909f56bfc062723c751e8b465ee728b)  -> (artifact id: '8de1dd483279d171c26507e893913433') in 0.023727 seconds
  Import took 0.027511 seconds .

========================================================================
Received Import Request.
  Time since last request: 0.000247 seconds.
  path: Assets/freescifiplatform/png/Tiles/Tile (7).png
  artifactKey: Guid(b2e137ae6023434469a6888627660233) Importer(815301076,1909f56bfc062723c751e8b465ee728b)
Start importing Assets/freescifiplatform/png/Tiles/Tile (7).png using Guid(b2e137ae6023434469a6888627660233) Importer(815301076,1909f56bfc062723c751e8b465ee728b)  -> (artifact id: '04f72b77df14a095c5f04b5d306943be') in 0.021648 seconds
  Import took 0.024987 seconds .

========================================================================
Received Import Request.
  Time since last request: 0.000397 seconds.
  path: Assets/freescifiplatform/png/Tiles/Tile (8).png
  artifactKey: Guid(296106a21f513af41939c8602c938e3d) Importer(815301076,1909f56bfc062723c751e8b465ee728b)
Start importing Assets/freescifiplatform/png/Tiles/Tile (8).png using Guid(296106a21f513af41939c8602c938e3d) Importer(815301076,1909f56bfc062723c751e8b465ee728b)  -> (artifact id: '6aab0570ae84213b13b17a87e7ae0a25') in 0.023149 seconds
  Import took 0.027320 seconds .

========================================================================
Received Import Request.
  Time since last request: 0.000293 seconds.
  path: Assets/freescifiplatform/png/Tiles/Tile (9).png
  artifactKey: Guid(e28519bcffe08274995d5055f73a9480) Importer(815301076,1909f56bfc062723c751e8b465ee728b)
Start importing Assets/freescifiplatform/png/Tiles/Tile (9).png using Guid(e28519bcffe08274995d5055f73a9480) Importer(815301076,1909f56bfc062723c751e8b465ee728b)  -> (artifact id: '2c8517ef6ec4f189b84ffffbb557ad18') in 0.019867 seconds
  Import took 0.023245 seconds .

========================================================================
Received Import Request.
  Time since last request: 0.000172 seconds.
  path: Assets/freescifiplatform/png/Tiles/Tile (13).png
  artifactKey: Guid(b12a924b01708a142948a364bb562406) Importer(815301076,1909f56bfc062723c751e8b465ee728b)
Start importing Assets/freescifiplatform/png/Tiles/Tile (13).png using Guid(b12a924b01708a142948a364bb562406) Importer(815301076,1909f56bfc062723c751e8b465ee728b)  -> (artifact id: '5f3cfcd512d29eb0aaa0a956daf9f635') in 0.020202 seconds
  Import took 0.022794 seconds .

========================================================================
Received Import Request.
  Time since last request: 0.000189 seconds.
  path: Assets/freescifiplatform/png/Tiles/Fence (3).png
  artifactKey: Guid(2d00a94162e49ac4fba64cf3c4c5a101) Importer(815301076,1909f56bfc062723c751e8b465ee728b)
Start importing Assets/freescifiplatform/png/Tiles/Fence (3).png using Guid(2d00a94162e49ac4fba64cf3c4c5a101) Importer(815301076,1909f56bfc062723c751e8b465ee728b)  -> (artifact id: '4225b9704f6b16903ca7138a635f2f60') in 0.023884 seconds
  Import took 0.026653 seconds .

========================================================================
Received Import Request.
  Time since last request: 0.000239 seconds.
  path: Assets/freescifiplatform/png/Tiles/Tile (5).png
  artifactKey: Guid(634170e85f9e3cf48b54805aaec7b08b) Importer(815301076,1909f56bfc062723c751e8b465ee728b)
Start importing Assets/freescifiplatform/png/Tiles/Tile (5).png using Guid(634170e85f9e3cf48b54805aaec7b08b) Importer(815301076,1909f56bfc062723c751e8b465ee728b)  -> (artifact id: 'a2963cdf3fe7b90d9e3d039c32be5b74') in 0.022672 seconds
  Import took 0.026235 seconds .

========================================================================
Received Import Request.
  Time since last request: 0.000313 seconds.
  path: Assets/freescifiplatform/png/Tiles/BGTile (7).png
  artifactKey: Guid(d035f2caf6b886047ae979a6a067a5fe) Importer(815301076,1909f56bfc062723c751e8b465ee728b)
Start importing Assets/freescifiplatform/png/Tiles/BGTile (7).png using Guid(d035f2caf6b886047ae979a6a067a5fe) Importer(815301076,1909f56bfc062723c751e8b465ee728b)  -> (artifact id: '1ac006bc3e7e04ef010e0b4ed8c78095') in 0.012991 seconds
  Import took 0.016065 seconds .

========================================================================
Received Import Request.
  Time since last request: 0.000255 seconds.
  path: Assets/freescifiplatform/png/Tiles/BGTile (1).png
  artifactKey: Guid(f22060cc790e1624988591c8050f0e85) Importer(815301076,1909f56bfc062723c751e8b465ee728b)
Start importing Assets/freescifiplatform/png/Tiles/BGTile (1).png using Guid(f22060cc790e1624988591c8050f0e85) Importer(815301076,1909f56bfc062723c751e8b465ee728b)  -> (artifact id: 'dcff90849f8dcc3bce63daecddf49ebc') in 0.012705 seconds
  Import took 0.016500 seconds .

========================================================================
Received Import Request.
  Time since last request: 0.000269 seconds.
  path: Assets/freescifiplatform/png/Tiles/BGTile (4).png
  artifactKey: Guid(8bd50c86f4a4a3e4483c765aeef3ec07) Importer(815301076,1909f56bfc062723c751e8b465ee728b)
Start importing Assets/freescifiplatform/png/Tiles/BGTile (4).png using Guid(8bd50c86f4a4a3e4483c765aeef3ec07) Importer(815301076,1909f56bfc062723c751e8b465ee728b)  -> (artifact id: 'f4ee0d8e95a9f4a1d1321e7837480e56') in 0.014903 seconds
  Import took 0.018749 seconds .

========================================================================
Received Import Request.
  Time since last request: 0.000235 seconds.
  path: Assets/freescifiplatform/png/Tiles/BGTile (5).png
  artifactKey: Guid(163d255b620b21947b142fe98eda8339) Importer(815301076,1909f56bfc062723c751e8b465ee728b)
Start importing Assets/freescifiplatform/png/Tiles/BGTile (5).png using Guid(163d255b620b21947b142fe98eda8339) Importer(815301076,1909f56bfc062723c751e8b465ee728b)  -> (artifact id: '9aaf24ae531c80c3ee82f3e901095307') in 0.011694 seconds
  Import took 0.014523 seconds .

========================================================================
Received Import Request.
  Time since last request: 0.000275 seconds.
  path: Assets/freescifiplatform/png/Tiles/BGTile (3).png
  artifactKey: Guid(5f2784ba9f60c3b4cb177412afbf4aa8) Importer(815301076,1909f56bfc062723c751e8b465ee728b)
Start importing Assets/freescifiplatform/png/Tiles/BGTile (3).png using Guid(5f2784ba9f60c3b4cb177412afbf4aa8) Importer(815301076,1909f56bfc062723c751e8b465ee728b)  -> (artifact id: '22333507637aaa99bee347ad078e0f2f') in 0.016016 seconds
  Import took 0.019318 seconds .

========================================================================
Received Import Request.
  Time since last request: 0.000400 seconds.
  path: Assets/freescifiplatform/png/Tiles/Fence (2).png
  artifactKey: Guid(98f576c26df342d48bca886a161ccba9) Importer(815301076,1909f56bfc062723c751e8b465ee728b)
Start importing Assets/freescifiplatform/png/Tiles/Fence (2).png using Guid(98f576c26df342d48bca886a161ccba9) Importer(815301076,1909f56bfc062723c751e8b465ee728b)  -> (artifact id: '774a6a2b66fcb069f33852cd1eeaa395') in 0.021380 seconds
  Import took 0.024779 seconds .

========================================================================
Received Import Request.
  Time since last request: 0.000338 seconds.
  path: Assets/freescifiplatform/png/Tiles/Acid (2).png
  artifactKey: Guid(7afb8e6d1de6e8a4e84ebdd8aeff0b9d) Importer(815301076,1909f56bfc062723c751e8b465ee728b)
Start importing Assets/freescifiplatform/png/Tiles/Acid (2).png using Guid(7afb8e6d1de6e8a4e84ebdd8aeff0b9d) Importer(815301076,1909f56bfc062723c751e8b465ee728b)  -> (artifact id: '96f6bac9a7cd9e2e60a141338d3567b8') in 0.018170 seconds
  Import took 0.021383 seconds .

========================================================================
Received Import Request.
  Time since last request: 0.000259 seconds.
  path: Assets/freescifiplatform/png/Tiles/Tile (6).png
  artifactKey: Guid(f27afc75d1b5d934693f2bab5874dde2) Importer(815301076,1909f56bfc062723c751e8b465ee728b)
Start importing Assets/freescifiplatform/png/Tiles/Tile (6).png using Guid(f27afc75d1b5d934693f2bab5874dde2) Importer(815301076,1909f56bfc062723c751e8b465ee728b)  -> (artifact id: '44d2860f36491f350c09a676654aa424') in 0.025234 seconds
  Import took 0.029311 seconds .

========================================================================
Received Import Request.
  Time since last request: 0.000469 seconds.
  path: Assets/freescifiplatform/png/Tiles/Spike.png
  artifactKey: Guid(63963a809031f61409c3e0629b0d8ad4) Importer(815301076,1909f56bfc062723c751e8b465ee728b)
Start importing Assets/freescifiplatform/png/Tiles/Spike.png using Guid(63963a809031f61409c3e0629b0d8ad4) Importer(815301076,1909f56bfc062723c751e8b465ee728b)  -> (artifact id: '4aa008dd662842ecb9d8bb1ce58542c7') in 0.020132 seconds
  Import took 0.023521 seconds .

========================================================================
Received Import Request.
  Time since last request: 0.000188 seconds.
  path: Assets/freescifiplatform/png/Tiles/Tile (15).png
  artifactKey: Guid(61f6e36556e764d4bab2dd02cad02f24) Importer(815301076,1909f56bfc062723c751e8b465ee728b)
Start importing Assets/freescifiplatform/png/Tiles/Tile (15).png using Guid(61f6e36556e764d4bab2dd02cad02f24) Importer(815301076,1909f56bfc062723c751e8b465ee728b)  -> (artifact id: '6dbe6669ac3379200470e8b807431a71') in 0.021130 seconds
  Import took 0.024253 seconds .

========================================================================
Received Import Request.
  Time since last request: 0.000414 seconds.
  path: Assets/freescifiplatform/png/Tiles/Tile (3).png
  artifactKey: Guid(83cb6d8532743ec4bbaf481d4c203e7f) Importer(815301076,1909f56bfc062723c751e8b465ee728b)
Start importing Assets/freescifiplatform/png/Tiles/Tile (3).png using Guid(83cb6d8532743ec4bbaf481d4c203e7f) Importer(815301076,1909f56bfc062723c751e8b465ee728b)  -> (artifact id: 'b013a0c4e980d8a45eb34b3f3cd75dc8') in 0.021690 seconds
  Import took 0.025214 seconds .

========================================================================
Received Import Request.
  Time since last request: 0.000207 seconds.
  path: Assets/freescifiplatform/png/Tiles/Tile (10).png
  artifactKey: Guid(65edcf3d12e6c6d4b9883db1ffef9172) Importer(815301076,1909f56bfc062723c751e8b465ee728b)
Start importing Assets/freescifiplatform/png/Tiles/Tile (10).png using Guid(65edcf3d12e6c6d4b9883db1ffef9172) Importer(815301076,1909f56bfc062723c751e8b465ee728b)  -> (artifact id: '6de6211a35c1be6a56098987b47dd488') in 0.020526 seconds
  Import took 0.024033 seconds .

========================================================================
Received Import Request.
  Time since last request: 0.000288 seconds.
  path: Assets/freescifiplatform/png/Tiles/Tile (12).png
  artifactKey: Guid(e0308fa9a49cf874d996a01dc0b4de9f) Importer(815301076,1909f56bfc062723c751e8b465ee728b)
Start importing Assets/freescifiplatform/png/Tiles/Tile (12).png using Guid(e0308fa9a49cf874d996a01dc0b4de9f) Importer(815301076,1909f56bfc062723c751e8b465ee728b)  -> (artifact id: '552a79b58204939a02015830e9ffcffb') in 0.019192 seconds
  Import took 0.022011 seconds .

========================================================================
Received Import Request.
  Time since last request: 0.000192 seconds.
  path: Assets/freescifiplatform/png/Tiles/Tile (11).png
  artifactKey: Guid(36ee5aa8944091e449e3a81dc55b9b3c) Importer(815301076,1909f56bfc062723c751e8b465ee728b)
Start importing Assets/freescifiplatform/png/Tiles/Tile (11).png using Guid(36ee5aa8944091e449e3a81dc55b9b3c) Importer(815301076,1909f56bfc062723c751e8b465ee728b)  -> (artifact id: '08ff043f3d71efedebab733af92d2059') in 0.020494 seconds
  Import took 0.023321 seconds .

========================================================================
Received Import Request.
  Time since last request: 0.000442 seconds.
  path: Assets/freescifiplatform/png/Tiles/BGTile (2).png
  artifactKey: Guid(858a8c043feb8244e8bf67cc55c6ba51) Importer(815301076,1909f56bfc062723c751e8b465ee728b)
Start importing Assets/freescifiplatform/png/Tiles/BGTile (2).png using Guid(858a8c043feb8244e8bf67cc55c6ba51) Importer(815301076,1909f56bfc062723c751e8b465ee728b)  -> (artifact id: '016a35b5120f3ca84bb85a5fe26d2588') in 0.016301 seconds
  Import took 0.019598 seconds .

AssetImportWorkerClient::OnTransportError - code=2 error=End of file
